<?xml version="1.0" encoding="UTF-8"?>
<testsuite xmlns:xsi="http://www.w3.org/2001/XMLSchema-instance" xsi:noNamespaceSchemaLocation="https://maven.apache.org/surefire/maven-surefire-plugin/xsd/surefire-test-report.xsd" name="com.mohdfai.metrocard.RefundServiceTest" time="0.053" tests="5" errors="0" skipped="0" failures="0">
  <properties>
    <property name="java.specification.version" value="13"/>
    <property name="sun.jnu.encoding" value="UTF-8"/>
    <property name="java.class.path" value="/Users/mohdfai/dev/git/cardproblem/cardproblem_reactive/target/test-classes:/Users/mohdfai/dev/git/cardproblem/cardproblem_reactive/target/classes:/Users/mohdfai/.m2/repository/org/springframework/cloud/spring-cloud-function-web/1.0.1.RELEASE/spring-cloud-function-web-1.0.1.RELEASE.jar:/Users/mohdfai/.m2/repository/org/springframework/spring-webmvc/5.0.9.RELEASE/spring-webmvc-5.0.9.RELEASE.jar:/Users/mohdfai/.m2/repository/org/springframework/spring-aop/5.0.9.RELEASE/spring-aop-5.0.9.RELEASE.jar:/Users/mohdfai/.m2/repository/org/springframework/spring-beans/5.0.9.RELEASE/spring-beans-5.0.9.RELEASE.jar:/Users/mohdfai/.m2/repository/org/springframework/spring-context/5.0.9.RELEASE/spring-context-5.0.9.RELEASE.jar:/Users/mohdfai/.m2/repository/org/springframework/spring-core/5.0.9.RELEASE/spring-core-5.0.9.RELEASE.jar:/Users/mohdfai/.m2/repository/org/springframework/spring-jcl/5.0.9.RELEASE/spring-jcl-5.0.9.RELEASE.jar:/Users/mohdfai/.m2/repository/org/springframework/spring-expression/5.0.9.RELEASE/spring-expression-5.0.9.RELEASE.jar:/Users/mohdfai/.m2/repository/org/springframework/spring-web/5.0.9.RELEASE/spring-web-5.0.9.RELEASE.jar:/Users/mohdfai/.m2/repository/org/springframework/cloud/spring-cloud-function-context/1.0.1.RELEASE/spring-cloud-function-context-1.0.1.RELEASE.jar:/Users/mohdfai/.m2/repository/org/springframework/boot/spring-boot-autoconfigure/2.0.5.RELEASE/spring-boot-autoconfigure-2.0.5.RELEASE.jar:/Users/mohdfai/.m2/repository/org/springframework/cloud/spring-cloud-function-core/1.0.1.RELEASE/spring-cloud-function-core-1.0.1.RELEASE.jar:/Users/mohdfai/.m2/repository/org/springframework/spring-messaging/5.0.9.RELEASE/spring-messaging-5.0.9.RELEASE.jar:/Users/mohdfai/.m2/repository/org/springframework/boot/spring-boot-starter-data-mongodb-reactive/2.0.5.RELEASE/spring-boot-starter-data-mongodb-reactive-2.0.5.RELEASE.jar:/Users/mohdfai/.m2/repository/org/springframework/boot/spring-boot-starter/2.0.5.RELEASE/spring-boot-starter-2.0.5.RELEASE.jar:/Users/mohdfai/.m2/repository/org/springframework/boot/spring-boot/2.0.5.RELEASE/spring-boot-2.0.5.RELEASE.jar:/Users/mohdfai/.m2/repository/org/springframework/boot/spring-boot-starter-logging/2.0.5.RELEASE/spring-boot-starter-logging-2.0.5.RELEASE.jar:/Users/mohdfai/.m2/repository/ch/qos/logback/logback-classic/1.2.3/logback-classic-1.2.3.jar:/Users/mohdfai/.m2/repository/org/apache/logging/log4j/log4j-to-slf4j/2.10.0/log4j-to-slf4j-2.10.0.jar:/Users/mohdfai/.m2/repository/org/apache/logging/log4j/log4j-api/2.10.0/log4j-api-2.10.0.jar:/Users/mohdfai/.m2/repository/org/slf4j/jul-to-slf4j/1.7.25/jul-to-slf4j-1.7.25.jar:/Users/mohdfai/.m2/repository/javax/annotation/javax.annotation-api/1.3.2/javax.annotation-api-1.3.2.jar:/Users/mohdfai/.m2/repository/org/yaml/snakeyaml/1.19/snakeyaml-1.19.jar:/Users/mohdfai/.m2/repository/org/springframework/data/spring-data-mongodb/2.0.10.RELEASE/spring-data-mongodb-2.0.10.RELEASE.jar:/Users/mohdfai/.m2/repository/org/springframework/spring-tx/5.0.9.RELEASE/spring-tx-5.0.9.RELEASE.jar:/Users/mohdfai/.m2/repository/org/springframework/data/spring-data-commons/2.0.10.RELEASE/spring-data-commons-2.0.10.RELEASE.jar:/Users/mohdfai/.m2/repository/org/slf4j/slf4j-api/1.7.25/slf4j-api-1.7.25.jar:/Users/mohdfai/.m2/repository/org/mongodb/mongodb-driver/3.6.4/mongodb-driver-3.6.4.jar:/Users/mohdfai/.m2/repository/org/mongodb/bson/3.6.4/bson-3.6.4.jar:/Users/mohdfai/.m2/repository/org/mongodb/mongodb-driver-core/3.6.4/mongodb-driver-core-3.6.4.jar:/Users/mohdfai/.m2/repository/org/mongodb/mongodb-driver-async/3.6.4/mongodb-driver-async-3.6.4.jar:/Users/mohdfai/.m2/repository/org/mongodb/mongodb-driver-reactivestreams/1.7.1/mongodb-driver-reactivestreams-1.7.1.jar:/Users/mohdfai/.m2/repository/org/reactivestreams/reactive-streams/1.0.2/reactive-streams-1.0.2.jar:/Users/mohdfai/.m2/repository/io/projectreactor/reactor-core/3.1.9.RELEASE/reactor-core-3.1.9.RELEASE.jar:/Users/mohdfai/.m2/repository/de/flapdoodle/embed/de.flapdoodle.embed.mongo/2.1.1/de.flapdoodle.embed.mongo-2.1.1.jar:/Users/mohdfai/.m2/repository/de/flapdoodle/embed/de.flapdoodle.embed.process/2.0.5/de.flapdoodle.embed.process-2.0.5.jar:/Users/mohdfai/.m2/repository/org/apache/commons/commons-lang3/3.7/commons-lang3-3.7.jar:/Users/mohdfai/.m2/repository/net/java/dev/jna/jna/4.5.2/jna-4.5.2.jar:/Users/mohdfai/.m2/repository/net/java/dev/jna/jna-platform/4.5.2/jna-platform-4.5.2.jar:/Users/mohdfai/.m2/repository/org/apache/commons/commons-compress/1.10/commons-compress-1.10.jar:/Users/mohdfai/.m2/repository/org/projectlombok/lombok/1.16.22/lombok-1.16.22.jar:/Users/mohdfai/.m2/repository/org/springframework/cloud/spring-cloud-starter-sleuth/2.0.0.M9/spring-cloud-starter-sleuth-2.0.0.M9.jar:/Users/mohdfai/.m2/repository/org/springframework/cloud/spring-cloud-starter/2.0.0.M9/spring-cloud-starter-2.0.0.M9.jar:/Users/mohdfai/.m2/repository/org/springframework/cloud/spring-cloud-context/2.0.0.M9/spring-cloud-context-2.0.0.M9.jar:/Users/mohdfai/.m2/repository/org/springframework/security/spring-security-crypto/5.0.8.RELEASE/spring-security-crypto-5.0.8.RELEASE.jar:/Users/mohdfai/.m2/repository/org/springframework/cloud/spring-cloud-commons/2.0.0.M9/spring-cloud-commons-2.0.0.M9.jar:/Users/mohdfai/.m2/repository/org/apache/httpcomponents/httpclient/4.5.6/httpclient-4.5.6.jar:/Users/mohdfai/.m2/repository/org/apache/httpcomponents/httpcore/4.4.10/httpcore-4.4.10.jar:/Users/mohdfai/.m2/repository/commons-codec/commons-codec/1.11/commons-codec-1.11.jar:/Users/mohdfai/.m2/repository/org/springframework/security/spring-security-rsa/1.0.5.RELEASE/spring-security-rsa-1.0.5.RELEASE.jar:/Users/mohdfai/.m2/repository/org/bouncycastle/bcpkix-jdk15on/1.56/bcpkix-jdk15on-1.56.jar:/Users/mohdfai/.m2/repository/org/bouncycastle/bcprov-jdk15on/1.56/bcprov-jdk15on-1.56.jar:/Users/mohdfai/.m2/repository/org/springframework/boot/spring-boot-starter-aop/2.0.5.RELEASE/spring-boot-starter-aop-2.0.5.RELEASE.jar:/Users/mohdfai/.m2/repository/org/aspectj/aspectjweaver/1.8.13/aspectjweaver-1.8.13.jar:/Users/mohdfai/.m2/repository/org/springframework/cloud/spring-cloud-sleuth-core/2.0.0.M9/spring-cloud-sleuth-core-2.0.0.M9.jar:/Users/mohdfai/.m2/repository/org/aspectj/aspectjrt/1.8.13/aspectjrt-1.8.13.jar:/Users/mohdfai/.m2/repository/io/zipkin/brave/brave/4.18.2/brave-4.18.2.jar:/Users/mohdfai/.m2/repository/io/zipkin/zipkin2/zipkin/2.6.1/zipkin-2.6.1.jar:/Users/mohdfai/.m2/repository/io/zipkin/reporter2/zipkin-reporter/2.5.0/zipkin-reporter-2.5.0.jar:/Users/mohdfai/.m2/repository/io/zipkin/brave/brave-context-log4j2/4.18.2/brave-context-log4j2-4.18.2.jar:/Users/mohdfai/.m2/repository/io/zipkin/brave/brave-instrumentation-spring-web/4.18.2/brave-instrumentation-spring-web-4.18.2.jar:/Users/mohdfai/.m2/repository/io/zipkin/brave/brave-instrumentation-http/4.18.2/brave-instrumentation-http-4.18.2.jar:/Users/mohdfai/.m2/repository/io/zipkin/brave/brave-instrumentation-spring-rabbit/4.18.2/brave-instrumentation-spring-rabbit-4.18.2.jar:/Users/mohdfai/.m2/repository/io/zipkin/brave/brave-instrumentation-kafka-clients/4.18.2/brave-instrumentation-kafka-clients-4.18.2.jar:/Users/mohdfai/.m2/repository/io/zipkin/brave/brave-instrumentation-httpclient/4.18.2/brave-instrumentation-httpclient-4.18.2.jar:/Users/mohdfai/.m2/repository/io/zipkin/brave/brave-instrumentation-httpasyncclient/4.18.2/brave-instrumentation-httpasyncclient-4.18.2.jar:/Users/mohdfai/.m2/repository/io/zipkin/brave/brave-instrumentation-spring-webmvc/4.18.2/brave-instrumentation-spring-webmvc-4.18.2.jar:/Users/mohdfai/.m2/repository/io/zipkin/brave/brave-instrumentation-servlet/4.18.2/brave-instrumentation-servlet-4.18.2.jar:/Users/mohdfai/.m2/repository/net/logstash/logback/logstash-logback-encoder/5.0/logstash-logback-encoder-5.0.jar:/Users/mohdfai/.m2/repository/ch/qos/logback/logback-core/1.2.3/logback-core-1.2.3.jar:/Users/mohdfai/.m2/repository/com/fasterxml/jackson/core/jackson-databind/2.9.3/jackson-databind-2.9.3.jar:/Users/mohdfai/.m2/repository/com/fasterxml/jackson/core/jackson-annotations/2.9.0/jackson-annotations-2.9.0.jar:/Users/mohdfai/.m2/repository/com/fasterxml/jackson/core/jackson-core/2.9.3/jackson-core-2.9.3.jar:/Users/mohdfai/.m2/repository/junit/junit/4.12/junit-4.12.jar:/Users/mohdfai/.m2/repository/org/hamcrest/hamcrest-core/1.3/hamcrest-core-1.3.jar:"/>
    <property name="java.vm.vendor" value="Oracle Corporation"/>
    <property name="sun.arch.data.model" value="64"/>
    <property name="java.vendor.url" value="https://java.oracle.com/"/>
    <property name="os.name" value="Mac OS X"/>
    <property name="java.vm.specification.version" value="13"/>
    <property name="sun.java.launcher" value="SUN_STANDARD"/>
    <property name="user.country" value="AE"/>
    <property name="sun.boot.library.path" value="/Library/Java/JavaVirtualMachines/jdk-13.0.2.jdk/Contents/Home/lib"/>
    <property name="sun.java.command" value="/Users/mohdfai/dev/git/cardproblem/cardproblem_reactive/target/surefire/surefirebooter1428539355917221621.jar /Users/mohdfai/dev/git/cardproblem/cardproblem_reactive/target/surefire 2021-06-21T20-40-20_438-jvmRun1 surefire13990618842520491876tmp surefire_012361273120326519350tmp"/>
    <property name="http.nonProxyHosts" value="local|*.local|169.254/16|*.169.254/16"/>
    <property name="jdk.debug" value="release"/>
    <property name="surefire.test.class.path" value="/Users/mohdfai/dev/git/cardproblem/cardproblem_reactive/target/test-classes:/Users/mohdfai/dev/git/cardproblem/cardproblem_reactive/target/classes:/Users/mohdfai/.m2/repository/org/springframework/cloud/spring-cloud-function-web/1.0.1.RELEASE/spring-cloud-function-web-1.0.1.RELEASE.jar:/Users/mohdfai/.m2/repository/org/springframework/spring-webmvc/5.0.9.RELEASE/spring-webmvc-5.0.9.RELEASE.jar:/Users/mohdfai/.m2/repository/org/springframework/spring-aop/5.0.9.RELEASE/spring-aop-5.0.9.RELEASE.jar:/Users/mohdfai/.m2/repository/org/springframework/spring-beans/5.0.9.RELEASE/spring-beans-5.0.9.RELEASE.jar:/Users/mohdfai/.m2/repository/org/springframework/spring-context/5.0.9.RELEASE/spring-context-5.0.9.RELEASE.jar:/Users/mohdfai/.m2/repository/org/springframework/spring-core/5.0.9.RELEASE/spring-core-5.0.9.RELEASE.jar:/Users/mohdfai/.m2/repository/org/springframework/spring-jcl/5.0.9.RELEASE/spring-jcl-5.0.9.RELEASE.jar:/Users/mohdfai/.m2/repository/org/springframework/spring-expression/5.0.9.RELEASE/spring-expression-5.0.9.RELEASE.jar:/Users/mohdfai/.m2/repository/org/springframework/spring-web/5.0.9.RELEASE/spring-web-5.0.9.RELEASE.jar:/Users/mohdfai/.m2/repository/org/springframework/cloud/spring-cloud-function-context/1.0.1.RELEASE/spring-cloud-function-context-1.0.1.RELEASE.jar:/Users/mohdfai/.m2/repository/org/springframework/boot/spring-boot-autoconfigure/2.0.5.RELEASE/spring-boot-autoconfigure-2.0.5.RELEASE.jar:/Users/mohdfai/.m2/repository/org/springframework/cloud/spring-cloud-function-core/1.0.1.RELEASE/spring-cloud-function-core-1.0.1.RELEASE.jar:/Users/mohdfai/.m2/repository/org/springframework/spring-messaging/5.0.9.RELEASE/spring-messaging-5.0.9.RELEASE.jar:/Users/mohdfai/.m2/repository/org/springframework/boot/spring-boot-starter-data-mongodb-reactive/2.0.5.RELEASE/spring-boot-starter-data-mongodb-reactive-2.0.5.RELEASE.jar:/Users/mohdfai/.m2/repository/org/springframework/boot/spring-boot-starter/2.0.5.RELEASE/spring-boot-starter-2.0.5.RELEASE.jar:/Users/mohdfai/.m2/repository/org/springframework/boot/spring-boot/2.0.5.RELEASE/spring-boot-2.0.5.RELEASE.jar:/Users/mohdfai/.m2/repository/org/springframework/boot/spring-boot-starter-logging/2.0.5.RELEASE/spring-boot-starter-logging-2.0.5.RELEASE.jar:/Users/mohdfai/.m2/repository/ch/qos/logback/logback-classic/1.2.3/logback-classic-1.2.3.jar:/Users/mohdfai/.m2/repository/org/apache/logging/log4j/log4j-to-slf4j/2.10.0/log4j-to-slf4j-2.10.0.jar:/Users/mohdfai/.m2/repository/org/apache/logging/log4j/log4j-api/2.10.0/log4j-api-2.10.0.jar:/Users/mohdfai/.m2/repository/org/slf4j/jul-to-slf4j/1.7.25/jul-to-slf4j-1.7.25.jar:/Users/mohdfai/.m2/repository/javax/annotation/javax.annotation-api/1.3.2/javax.annotation-api-1.3.2.jar:/Users/mohdfai/.m2/repository/org/yaml/snakeyaml/1.19/snakeyaml-1.19.jar:/Users/mohdfai/.m2/repository/org/springframework/data/spring-data-mongodb/2.0.10.RELEASE/spring-data-mongodb-2.0.10.RELEASE.jar:/Users/mohdfai/.m2/repository/org/springframework/spring-tx/5.0.9.RELEASE/spring-tx-5.0.9.RELEASE.jar:/Users/mohdfai/.m2/repository/org/springframework/data/spring-data-commons/2.0.10.RELEASE/spring-data-commons-2.0.10.RELEASE.jar:/Users/mohdfai/.m2/repository/org/slf4j/slf4j-api/1.7.25/slf4j-api-1.7.25.jar:/Users/mohdfai/.m2/repository/org/mongodb/mongodb-driver/3.6.4/mongodb-driver-3.6.4.jar:/Users/mohdfai/.m2/repository/org/mongodb/bson/3.6.4/bson-3.6.4.jar:/Users/mohdfai/.m2/repository/org/mongodb/mongodb-driver-core/3.6.4/mongodb-driver-core-3.6.4.jar:/Users/mohdfai/.m2/repository/org/mongodb/mongodb-driver-async/3.6.4/mongodb-driver-async-3.6.4.jar:/Users/mohdfai/.m2/repository/org/mongodb/mongodb-driver-reactivestreams/1.7.1/mongodb-driver-reactivestreams-1.7.1.jar:/Users/mohdfai/.m2/repository/org/reactivestreams/reactive-streams/1.0.2/reactive-streams-1.0.2.jar:/Users/mohdfai/.m2/repository/io/projectreactor/reactor-core/3.1.9.RELEASE/reactor-core-3.1.9.RELEASE.jar:/Users/mohdfai/.m2/repository/de/flapdoodle/embed/de.flapdoodle.embed.mongo/2.1.1/de.flapdoodle.embed.mongo-2.1.1.jar:/Users/mohdfai/.m2/repository/de/flapdoodle/embed/de.flapdoodle.embed.process/2.0.5/de.flapdoodle.embed.process-2.0.5.jar:/Users/mohdfai/.m2/repository/org/apache/commons/commons-lang3/3.7/commons-lang3-3.7.jar:/Users/mohdfai/.m2/repository/net/java/dev/jna/jna/4.5.2/jna-4.5.2.jar:/Users/mohdfai/.m2/repository/net/java/dev/jna/jna-platform/4.5.2/jna-platform-4.5.2.jar:/Users/mohdfai/.m2/repository/org/apache/commons/commons-compress/1.10/commons-compress-1.10.jar:/Users/mohdfai/.m2/repository/org/projectlombok/lombok/1.16.22/lombok-1.16.22.jar:/Users/mohdfai/.m2/repository/org/springframework/cloud/spring-cloud-starter-sleuth/2.0.0.M9/spring-cloud-starter-sleuth-2.0.0.M9.jar:/Users/mohdfai/.m2/repository/org/springframework/cloud/spring-cloud-starter/2.0.0.M9/spring-cloud-starter-2.0.0.M9.jar:/Users/mohdfai/.m2/repository/org/springframework/cloud/spring-cloud-context/2.0.0.M9/spring-cloud-context-2.0.0.M9.jar:/Users/mohdfai/.m2/repository/org/springframework/security/spring-security-crypto/5.0.8.RELEASE/spring-security-crypto-5.0.8.RELEASE.jar:/Users/mohdfai/.m2/repository/org/springframework/cloud/spring-cloud-commons/2.0.0.M9/spring-cloud-commons-2.0.0.M9.jar:/Users/mohdfai/.m2/repository/org/apache/httpcomponents/httpclient/4.5.6/httpclient-4.5.6.jar:/Users/mohdfai/.m2/repository/org/apache/httpcomponents/httpcore/4.4.10/httpcore-4.4.10.jar:/Users/mohdfai/.m2/repository/commons-codec/commons-codec/1.11/commons-codec-1.11.jar:/Users/mohdfai/.m2/repository/org/springframework/security/spring-security-rsa/1.0.5.RELEASE/spring-security-rsa-1.0.5.RELEASE.jar:/Users/mohdfai/.m2/repository/org/bouncycastle/bcpkix-jdk15on/1.56/bcpkix-jdk15on-1.56.jar:/Users/mohdfai/.m2/repository/org/bouncycastle/bcprov-jdk15on/1.56/bcprov-jdk15on-1.56.jar:/Users/mohdfai/.m2/repository/org/springframework/boot/spring-boot-starter-aop/2.0.5.RELEASE/spring-boot-starter-aop-2.0.5.RELEASE.jar:/Users/mohdfai/.m2/repository/org/aspectj/aspectjweaver/1.8.13/aspectjweaver-1.8.13.jar:/Users/mohdfai/.m2/repository/org/springframework/cloud/spring-cloud-sleuth-core/2.0.0.M9/spring-cloud-sleuth-core-2.0.0.M9.jar:/Users/mohdfai/.m2/repository/org/aspectj/aspectjrt/1.8.13/aspectjrt-1.8.13.jar:/Users/mohdfai/.m2/repository/io/zipkin/brave/brave/4.18.2/brave-4.18.2.jar:/Users/mohdfai/.m2/repository/io/zipkin/zipkin2/zipkin/2.6.1/zipkin-2.6.1.jar:/Users/mohdfai/.m2/repository/io/zipkin/reporter2/zipkin-reporter/2.5.0/zipkin-reporter-2.5.0.jar:/Users/mohdfai/.m2/repository/io/zipkin/brave/brave-context-log4j2/4.18.2/brave-context-log4j2-4.18.2.jar:/Users/mohdfai/.m2/repository/io/zipkin/brave/brave-instrumentation-spring-web/4.18.2/brave-instrumentation-spring-web-4.18.2.jar:/Users/mohdfai/.m2/repository/io/zipkin/brave/brave-instrumentation-http/4.18.2/brave-instrumentation-http-4.18.2.jar:/Users/mohdfai/.m2/repository/io/zipkin/brave/brave-instrumentation-spring-rabbit/4.18.2/brave-instrumentation-spring-rabbit-4.18.2.jar:/Users/mohdfai/.m2/repository/io/zipkin/brave/brave-instrumentation-kafka-clients/4.18.2/brave-instrumentation-kafka-clients-4.18.2.jar:/Users/mohdfai/.m2/repository/io/zipkin/brave/brave-instrumentation-httpclient/4.18.2/brave-instrumentation-httpclient-4.18.2.jar:/Users/mohdfai/.m2/repository/io/zipkin/brave/brave-instrumentation-httpasyncclient/4.18.2/brave-instrumentation-httpasyncclient-4.18.2.jar:/Users/mohdfai/.m2/repository/io/zipkin/brave/brave-instrumentation-spring-webmvc/4.18.2/brave-instrumentation-spring-webmvc-4.18.2.jar:/Users/mohdfai/.m2/repository/io/zipkin/brave/brave-instrumentation-servlet/4.18.2/brave-instrumentation-servlet-4.18.2.jar:/Users/mohdfai/.m2/repository/net/logstash/logback/logstash-logback-encoder/5.0/logstash-logback-encoder-5.0.jar:/Users/mohdfai/.m2/repository/ch/qos/logback/logback-core/1.2.3/logback-core-1.2.3.jar:/Users/mohdfai/.m2/repository/com/fasterxml/jackson/core/jackson-databind/2.9.3/jackson-databind-2.9.3.jar:/Users/mohdfai/.m2/repository/com/fasterxml/jackson/core/jackson-annotations/2.9.0/jackson-annotations-2.9.0.jar:/Users/mohdfai/.m2/repository/com/fasterxml/jackson/core/jackson-core/2.9.3/jackson-core-2.9.3.jar:/Users/mohdfai/.m2/repository/junit/junit/4.12/junit-4.12.jar:/Users/mohdfai/.m2/repository/org/hamcrest/hamcrest-core/1.3/hamcrest-core-1.3.jar:"/>
    <property name="sun.cpu.endian" value="little"/>
    <property name="user.home" value="/Users/mohdfai"/>
    <property name="user.language" value="en"/>
    <property name="java.specification.vendor" value="Oracle Corporation"/>
    <property name="java.version.date" value="2020-01-14"/>
    <property name="java.home" value="/Library/Java/JavaVirtualMachines/jdk-13.0.2.jdk/Contents/Home"/>
    <property name="file.separator" value="/"/>
    <property name="basedir" value="/Users/mohdfai/dev/git/cardproblem/cardproblem_reactive"/>
    <property name="java.vm.compressedOopsMode" value="Zero based"/>
    <property name="line.separator" value="&#10;"/>
    <property name="java.specification.name" value="Java Platform API Specification"/>
    <property name="java.vm.specification.vendor" value="Oracle Corporation"/>
    <property name="surefire.real.class.path" value="/Users/mohdfai/dev/git/cardproblem/cardproblem_reactive/target/surefire/surefirebooter1428539355917221621.jar"/>
    <property name="idea.version2020.1.4" value="true"/>
    <property name="sun.management.compiler" value="HotSpot 64-Bit Tiered Compilers"/>
    <property name="ftp.nonProxyHosts" value="local|*.local|169.254/16|*.169.254/16"/>
    <property name="java.runtime.version" value="13.0.2+8"/>
    <property name="user.name" value="mohdfai"/>
    <property name="path.separator" value=":"/>
    <property name="os.version" value="10.15.7"/>
    <property name="java.runtime.name" value="Java(TM) SE Runtime Environment"/>
    <property name="file.encoding" value="UTF-8"/>
    <property name="java.vm.name" value="Java HotSpot(TM) 64-Bit Server VM"/>
    <property name="localRepository" value="/Users/mohdfai/.m2/repository"/>
    <property name="java.vendor.url.bug" value="https://bugreport.java.com/bugreport/"/>
    <property name="java.io.tmpdir" value="/var/folders/3x/vwdqm8_x53q9mfvtyd65j9s00000gn/T/"/>
    <property name="java.version" value="13.0.2"/>
    <property name="user.dir" value="/Users/mohdfai/dev/git/cardproblem/cardproblem_reactive"/>
    <property name="os.arch" value="x86_64"/>
    <property name="java.vm.specification.name" value="Java Virtual Machine Specification"/>
    <property name="java.library.path" value="/Users/mohdfai/Library/Java/Extensions:/Library/Java/Extensions:/Network/Library/Java/Extensions:/System/Library/Java/Extensions:/usr/lib/java:."/>
    <property name="java.vm.info" value="mixed mode, sharing"/>
    <property name="java.vendor" value="Oracle Corporation"/>
    <property name="java.vm.version" value="13.0.2+8"/>
    <property name="sun.io.unicode.encoding" value="UnicodeBig"/>
    <property name="socksNonProxyHosts" value="local|*.local|169.254/16|*.169.254/16"/>
    <property name="java.class.version" value="57.0"/>
  </properties>
  <testcase name="anyInOneZoneOutside1" classname="com.mohdfai.metrocard.RefundServiceTest" time="0.007"/>
  <testcase name="anyTwoZonesWith1" classname="com.mohdfai.metrocard.RefundServiceTest" time="0"/>
  <testcase name="allIn1Zone" classname="com.mohdfai.metrocard.RefundServiceTest" time="0"/>
  <testcase name="anyTwoZonesWithout1" classname="com.mohdfai.metrocard.RefundServiceTest" time="0"/>
  <testcase name="anyThreeZones" classname="com.mohdfai.metrocard.RefundServiceTest" time="0"/>
</testsuite>